Using pre-set license
Built from '6000.0/staging' branch; Version is '6000.0.33f1 (433b0a79340b) revision 4406026'; Using compiler version '193933523'; Build Type 'Release'
OS: 'Windows 10  (10.0.19045) 64bit Core' Language: 'en' Physical Memory: 49060 MB
BatchMode: 1, IsHumanControllingUs: 0, StartBugReporterOnCrash: 0, Is64bit: 1, IsPro: 1

COMMAND LINE ARGUMENTS:
C:\Program Files\Unity\Hub\Editor\6000.0.33f1\Editor\Unity.exe
-adb2
-batchMode
-noUpm
-name
AssetImportWorker6
-projectPath
C:/Users/jacob/Desktop/School/Game Software Development 2025/2D-Platformer/2D Platformer
-logFile
Logs/AssetImportWorker6.log
-srvPort
53861
-job-worker-count
11
-background-job-worker-count
8
-gc-helper-count
1
Successfully changed project path to: C:/Users/jacob/Desktop/School/Game Software Development 2025/2D-Platformer/2D Platformer
C:/Users/jacob/Desktop/School/Game Software Development 2025/2D-Platformer/2D Platformer
[UnityMemory] Configuration Parameters - Can be set up in boot.config
    "memorysetup-bucket-allocator-granularity=16"
    "memorysetup-bucket-allocator-bucket-count=8"
    "memorysetup-bucket-allocator-block-size=33554432"
    "memorysetup-bucket-allocator-block-count=8"
    "memorysetup-main-allocator-block-size=16777216"
    "memorysetup-thread-allocator-block-size=16777216"
    "memorysetup-gfx-main-allocator-block-size=16777216"
    "memorysetup-gfx-thread-allocator-block-size=16777216"
    "memorysetup-cache-allocator-block-size=4194304"
    "memorysetup-typetree-allocator-block-size=2097152"
    "memorysetup-profiler-bucket-allocator-granularity=16"
    "memorysetup-profiler-bucket-allocator-bucket-count=8"
    "memorysetup-profiler-bucket-allocator-block-size=33554432"
    "memorysetup-profiler-bucket-allocator-block-count=8"
    "memorysetup-profiler-allocator-block-size=16777216"
    "memorysetup-profiler-editor-allocator-block-size=1048576"
    "memorysetup-temp-allocator-size-main=16777216"
    "memorysetup-job-temp-allocator-block-size=2097152"
    "memorysetup-job-temp-allocator-block-size-background=1048576"
    "memorysetup-job-temp-allocator-reduction-small-platforms=262144"
    "memorysetup-allocator-temp-initial-block-size-main=262144"
    "memorysetup-allocator-temp-initial-block-size-worker=262144"
    "memorysetup-temp-allocator-size-background-worker=32768"
    "memorysetup-temp-allocator-size-job-worker=262144"
    "memorysetup-temp-allocator-size-preload-manager=33554432"
    "memorysetup-temp-allocator-size-nav-mesh-worker=65536"
    "memorysetup-temp-allocator-size-audio-worker=65536"
    "memorysetup-temp-allocator-size-cloud-worker=32768"
    "memorysetup-temp-allocator-size-gi-baking-worker=262144"
    "memorysetup-temp-allocator-size-gi-baking-worker=262144"
    "memorysetup-temp-allocator-size-gi-baking-worker=262144"
    "memorysetup-temp-allocator-size-gi-baking-worker=262144"
    "memorysetup-temp-allocator-size-gi-baking-worker=262144"
    "memorysetup-temp-allocator-size-gfx=262144"
Player connection [23692]  Target information:

Player connection [23692]  * "[IP] 10.5.0.2 [Port] 0 [Flags] 2 [Guid] 544985771 [EditorId] 544985771 [Version] 1048832 [Id] WindowsEditor(7,DESKTOP-4GHRBJP) [Debug] 1 [PackageName] WindowsEditor [ProjectName] Editor" 

Player connection [23692]  * "[IP] 192.168.1.18 [Port] 0 [Flags] 2 [Guid] 544985771 [EditorId] 544985771 [Version] 1048832 [Id] WindowsEditor(7,DESKTOP-4GHRBJP) [Debug] 1 [PackageName] WindowsEditor [ProjectName] Editor" 

Player connection [23692] Host joined multi-casting on [225.0.0.222:54997]...
Player connection [23692] Host joined alternative multi-casting on [225.0.0.222:34997]...
JobSystem: Creating JobQueue using job-worker-count value 11
[Physics::Module] Initialized fallback backend.
[Physics::Module] Id: 0xdecafbad
Library Redirect Path: Library/
[Physics::Module] Selected backend.
[Physics::Module] Name: PhysX
[Physics::Module] Id: 0xf2b8ea05
[Physics::Module] SDK Version: 4.1.2
[Physics::Module] Integration Version: 1.0.0
[Physics::Module] Threading Mode: Multi-Threaded
Refreshing native plugins compatible for Editor in 188.78 ms, found 4 plugins.
Preloading 0 native plugins for Editor in 0.00 ms.
Initialize engine version: 6000.0.33f1 (433b0a79340b)
[Subsystems] Discovering subsystems at path C:/Program Files/Unity/Hub/Editor/6000.0.33f1/Editor/Data/Resources/UnitySubsystems
[Subsystems] Discovering subsystems at path C:/Users/jacob/Desktop/School/Game Software Development 2025/2D-Platformer/2D Platformer/Assets
GfxDevice: creating device client; kGfxThreadingModeNonThreaded
Direct3D:
    Version:  Direct3D 11.0 [level 11.1]
    Renderer: NVIDIA GeForce RTX 2070 SUPER (ID=0x1e84)
    Vendor:   NVIDIA
    VRAM:     7989 MB
    Driver:   32.0.15.6614
Initialize mono
Mono path[0] = 'C:/Program Files/Unity/Hub/Editor/6000.0.33f1/Editor/Data/Managed'
Mono path[1] = 'C:/Program Files/Unity/Hub/Editor/6000.0.33f1/Editor/Data/MonoBleedingEdge/lib/mono/unityjit-win32'
Mono config path = 'C:/Program Files/Unity/Hub/Editor/6000.0.33f1/Editor/Data/MonoBleedingEdge/etc'
Using monoOptions --debugger-agent=transport=dt_socket,embedding=1,server=y,suspend=n,address=127.0.0.1:56284
Begin MonoManager ReloadAssembly
Registering precompiled unity dll's ...
Register platform support module: C:/Program Files/Unity/Hub/Editor/6000.0.33f1/Editor/Data/PlaybackEngines/WindowsStandaloneSupport/UnityEditor.WindowsStandalone.Extensions.dll
Registered in 0.017337 seconds.
- Loaded All Assemblies, in  1.471 seconds
Native extension for WindowsStandalone target not found
Mono: successfully reloaded assembly
- Finished resetting the current domain, in  0.405 seconds
Domain Reload Profiling: 1838ms
	BeginReloadAssembly (379ms)
		ExecutionOrderSort (0ms)
		DisableScriptedObjects (0ms)
		BackupInstance (0ms)
		ReleaseScriptingObjects (0ms)
		CreateAndSetChildDomain (1ms)
	RebuildCommonClasses (207ms)
	RebuildNativeTypeToScriptingClass (17ms)
	initialDomainReloadingComplete (134ms)
	LoadAllAssembliesAndSetupDomain (695ms)
		LoadAssemblies (339ms)
		RebuildTransferFunctionScriptingTraits (0ms)
		AnalyzeDomain (690ms)
			TypeCache.Refresh (689ms)
				TypeCache.ScanAssembly (669ms)
			BuildScriptInfoCaches (0ms)
			ResolveRequiredComponents (1ms)
	FinalizeReload (406ms)
		ReleaseScriptCaches (0ms)
		RebuildScriptCaches (0ms)
		SetupLoadedEditorAssemblies (357ms)
			LogAssemblyErrors (0ms)
			InitializePlatformSupportModulesInManaged (48ms)
			SetLoadedEditorAssemblies (5ms)
			BeforeProcessingInitializeOnLoad (54ms)
			ProcessInitializeOnLoadAttributes (172ms)
			ProcessInitializeOnLoadMethodAttributes (79ms)
			AfterProcessingInitializeOnLoad (0ms)
			EditorAssembliesLoaded (0ms)
		ExecutionOrderSort2 (0ms)
		AwakeInstancesAfterBackupRestoration (0ms)
========================================================================
Worker process is ready to serve import requests
Import Worker Mode flag is 0x00
Begin MonoManager ReloadAssembly
- Loaded All Assemblies, in  1.882 seconds
Refreshing native plugins compatible for Editor in 7.63 ms, found 4 plugins.
Native extension for WindowsStandalone target not found
Mono: successfully reloaded assembly
- Finished resetting the current domain, in  1.267 seconds
Domain Reload Profiling: 3080ms
	BeginReloadAssembly (382ms)
		ExecutionOrderSort (0ms)
		DisableScriptedObjects (6ms)
		BackupInstance (0ms)
		ReleaseScriptingObjects (0ms)
		CreateAndSetChildDomain (33ms)
	RebuildCommonClasses (52ms)
	RebuildNativeTypeToScriptingClass (14ms)
	initialDomainReloadingComplete (112ms)
	LoadAllAssembliesAndSetupDomain (1253ms)
		LoadAssemblies (1152ms)
		RebuildTransferFunctionScriptingTraits (0ms)
		AnalyzeDomain (369ms)
			TypeCache.Refresh (252ms)
				TypeCache.ScanAssembly (228ms)
			BuildScriptInfoCaches (102ms)
			ResolveRequiredComponents (11ms)
	FinalizeReload (1267ms)
		ReleaseScriptCaches (0ms)
		RebuildScriptCaches (0ms)
		SetupLoadedEditorAssemblies (916ms)
			LogAssemblyErrors (0ms)
			InitializePlatformSupportModulesInManaged (3ms)
			SetLoadedEditorAssemblies (6ms)
			BeforeProcessingInitializeOnLoad (323ms)
			ProcessInitializeOnLoadAttributes (402ms)
			ProcessInitializeOnLoadMethodAttributes (126ms)
			AfterProcessingInitializeOnLoad (56ms)
			EditorAssembliesLoaded (0ms)
		ExecutionOrderSort2 (0ms)
		AwakeInstancesAfterBackupRestoration (12ms)
Launched and connected shader compiler UnityShaderCompiler.exe after 0.04 seconds
Refreshing native plugins compatible for Editor in 6.19 ms, found 4 plugins.
Preloading 0 native plugins for Editor in 0.00 ms.
Unloading 220 Unused Serialized files (Serialized files now loaded: 0)
Unloading 6564 unused Assets / (4.5 MB). Loaded Objects now: 7278.
Memory consumption went from 180.2 MB to 175.7 MB.
Total: 9.426700 ms (FindLiveObjects: 0.962100 ms CreateObjectMapping: 0.327200 ms MarkObjects: 5.340400 ms  DeleteObjects: 2.795400 ms)

========================================================================
Received Import Request.
  Time since last request: 8092.588295 seconds.
  path: Assets/Tilemaps/tilemap_packed_47.asset
  artifactKey: Guid(75c8434d34009e14099b43bd8ef7b8da) Importer(2089858483,192608db42251d675da83286b1cce702)
Start importing Assets/Tilemaps/tilemap_packed_47.asset using Guid(75c8434d34009e14099b43bd8ef7b8da) Importer(2089858483,192608db42251d675da83286b1cce702) (ScriptedImporter) -> (artifact id: 'b1b11e77b52b2c4be5545362e324cd81') in 0.2522091 seconds
Number of updated asset objects reloaded before import = 0Number of asset objects unloaded after import = 2

========================================================================
Received Import Request.
  Time since last request: 0.000021 seconds.
  path: Assets/Tilemaps/tilemap_packed_145.asset
  artifactKey: Guid(32d55a9e4b2823b448c8677906a4ca04) Importer(2089858483,192608db42251d675da83286b1cce702)
Start importing Assets/Tilemaps/tilemap_packed_145.asset using Guid(32d55a9e4b2823b448c8677906a4ca04) Importer(2089858483,192608db42251d675da83286b1cce702) (ScriptedImporter) -> (artifact id: '291a9c562bc9249bca5e69791ac2f20a') in 0.0274613 seconds
Number of updated asset objects reloaded before import = 0Number of asset objects unloaded after import = 2

========================================================================
Received Import Request.
  Time since last request: 0.000026 seconds.
  path: Assets/Tilemaps/tilemap_packed_92.asset
  artifactKey: Guid(1aaa28fd4a2bb634aa79fa50caa0c983) Importer(2089858483,192608db42251d675da83286b1cce702)
Start importing Assets/Tilemaps/tilemap_packed_92.asset using Guid(1aaa28fd4a2bb634aa79fa50caa0c983) Importer(2089858483,192608db42251d675da83286b1cce702) (ScriptedImporter) -> (artifact id: '95bc950345c9a563ce485de73b08ae75') in 0.026803 seconds
Number of updated asset objects reloaded before import = 0Number of asset objects unloaded after import = 2

========================================================================
Received Import Request.
  Time since last request: 0.000018 seconds.
  path: Assets/Tilemaps/tilemap_packed_43.asset
  artifactKey: Guid(4126d232e3b800048a74558792d951a1) Importer(2089858483,192608db42251d675da83286b1cce702)
Start importing Assets/Tilemaps/tilemap_packed_43.asset using Guid(4126d232e3b800048a74558792d951a1) Importer(2089858483,192608db42251d675da83286b1cce702) (ScriptedImporter) -> (artifact id: '5ccfd2e103af766ecbdfbd515308dd12') in 0.0269265 seconds
Number of updated asset objects reloaded before import = 0Number of asset objects unloaded after import = 2

========================================================================
Received Import Request.
  Time since last request: 0.000024 seconds.
  path: Assets/Scripts/Player Scripts/PlayerHealth.cs
  artifactKey: Guid(384e32d4981dc544faf22162f3ea8984) Importer(2089858483,192608db42251d675da83286b1cce702)
Start importing Assets/Scripts/Player Scripts/PlayerHealth.cs using Guid(384e32d4981dc544faf22162f3ea8984) Importer(2089858483,192608db42251d675da83286b1cce702) (ScriptedImporter) -> (artifact id: 'eddd012b24e82dee51159a814ac59aff') in 0.0178346 seconds
Number of updated asset objects reloaded before import = 0Number of asset objects unloaded after import = 0

========================================================================
Received Import Request.
  Time since last request: 0.000027 seconds.
  path: Assets/Scripts/Player Scripts
  artifactKey: Guid(fe79c3af113825f4484da27b18ac8947) Importer(2089858483,192608db42251d675da83286b1cce702)
Start importing Assets/Scripts/Player Scripts using Guid(fe79c3af113825f4484da27b18ac8947) Importer(2089858483,192608db42251d675da83286b1cce702) (ScriptedImporter) -> (artifact id: 'b6d1dedb33116a747f813bcaa3d0c30a') in 0.0126734 seconds
Number of updated asset objects reloaded before import = 0Number of asset objects unloaded after import = 1

========================================================================
Received Import Request.
  Time since last request: 0.000019 seconds.
  path: Assets/Tilemaps/tilemap_packed_54.asset
  artifactKey: Guid(2398ea7cb206d6e45b37eeed6643a4ad) Importer(2089858483,192608db42251d675da83286b1cce702)
Start importing Assets/Tilemaps/tilemap_packed_54.asset using Guid(2398ea7cb206d6e45b37eeed6643a4ad) Importer(2089858483,192608db42251d675da83286b1cce702) (ScriptedImporter) -> (artifact id: 'be0100ce9b34daf4ca0ed6e162b9a1f1') in 0.026755 seconds
Number of updated asset objects reloaded before import = 0Number of asset objects unloaded after import = 2

========================================================================
Received Import Request.
  Time since last request: 0.000022 seconds.
  path: Assets/Tilemaps/tilemap_packed_70.asset
  artifactKey: Guid(6aa63eea4801e9445a43a25fca14d648) Importer(2089858483,192608db42251d675da83286b1cce702)
Start importing Assets/Tilemaps/tilemap_packed_70.asset using Guid(6aa63eea4801e9445a43a25fca14d648) Importer(2089858483,192608db42251d675da83286b1cce702) (ScriptedImporter) -> (artifact id: '4d998ac6802237ad1a6a725477f5cf08') in 0.0296028 seconds
Number of updated asset objects reloaded before import = 0Number of asset objects unloaded after import = 2

========================================================================
Received Import Request.
  Time since last request: 0.000035 seconds.
  path: Assets/Sprites/slime_normal.png
  artifactKey: Guid(81e3142508b743940a8deeeb6e466df7) Importer(2089858483,192608db42251d675da83286b1cce702)
Start importing Assets/Sprites/slime_normal.png using Guid(81e3142508b743940a8deeeb6e466df7) Importer(2089858483,192608db42251d675da83286b1cce702) (ScriptedImporter) -> (artifact id: '2c105626bc5a6c465eb992e47c4129d4') in 0.0792072 seconds
Number of updated asset objects reloaded before import = 0Number of asset objects unloaded after import = 3

========================================================================
Received Import Request.
  Time since last request: 0.000019 seconds.
  path: Assets/Tilemaps/tilemap_packed_133.asset
  artifactKey: Guid(5fe947ed6ef67004abd72a478a08c825) Importer(2089858483,192608db42251d675da83286b1cce702)
Start importing Assets/Tilemaps/tilemap_packed_133.asset using Guid(5fe947ed6ef67004abd72a478a08c825) Importer(2089858483,192608db42251d675da83286b1cce702) (ScriptedImporter) -> (artifact id: 'cdc1c7f7f67c29632bd55c419b8f0bd5') in 0.0290758 seconds
Number of updated asset objects reloaded before import = 0Number of asset objects unloaded after import = 2

========================================================================
Received Import Request.
  Time since last request: 0.000025 seconds.
  path: Assets/Tilemaps/tilemap_packed_31.asset
  artifactKey: Guid(bb6bf3ad87dd370439b0c49410131b02) Importer(2089858483,192608db42251d675da83286b1cce702)
Start importing Assets/Tilemaps/tilemap_packed_31.asset using Guid(bb6bf3ad87dd370439b0c49410131b02) Importer(2089858483,192608db42251d675da83286b1cce702) (ScriptedImporter) -> (artifact id: 'ce7debd1e947a1eddaa2ab57e4179277') in 0.0301369 seconds
Number of updated asset objects reloaded before import = 0Number of asset objects unloaded after import = 2

========================================================================
Received Import Request.
  Time since last request: 0.000031 seconds.
  path: Assets/Tilemaps/tilemap_packed_157.asset
  artifactKey: Guid(bef5af30ae0a46042ae8ecb1cab481bc) Importer(2089858483,192608db42251d675da83286b1cce702)
Start importing Assets/Tilemaps/tilemap_packed_157.asset using Guid(bef5af30ae0a46042ae8ecb1cab481bc) Importer(2089858483,192608db42251d675da83286b1cce702) (ScriptedImporter) -> (artifact id: '62f641502b39e518e821cc345eb74411') in 0.0297353 seconds
Number of updated asset objects reloaded before import = 0Number of asset objects unloaded after import = 2

========================================================================
Received Import Request.
  Time since last request: 0.000017 seconds.
  path: Assets/Tilemaps/tilemap_packed_100.asset
  artifactKey: Guid(82bdb78ca8dc0c246b856b19fb5b731a) Importer(2089858483,192608db42251d675da83286b1cce702)
Start importing Assets/Tilemaps/tilemap_packed_100.asset using Guid(82bdb78ca8dc0c246b856b19fb5b731a) Importer(2089858483,192608db42251d675da83286b1cce702) (ScriptedImporter) -> (artifact id: 'e28826beb24e69d5a221cd09cad407a4') in 0.0249911 seconds
Number of updated asset objects reloaded before import = 0Number of asset objects unloaded after import = 2

========================================================================
Received Import Request.
  Time since last request: 0.000021 seconds.
  path: Assets/Tilemaps/tilemap_packed_58.asset
  artifactKey: Guid(ee3a1369b025f634cb80c5581f38ff56) Importer(2089858483,192608db42251d675da83286b1cce702)
Start importing Assets/Tilemaps/tilemap_packed_58.asset using Guid(ee3a1369b025f634cb80c5581f38ff56) Importer(2089858483,192608db42251d675da83286b1cce702) (ScriptedImporter) -> (artifact id: 'ca6ec503a550327e8265fb823740d219') in 0.0262227 seconds
Number of updated asset objects reloaded before import = 0Number of asset objects unloaded after import = 2

========================================================================
Received Import Request.
  Time since last request: 0.000039 seconds.
  path: Assets/Tilemaps/tilemap_packed_32.asset
  artifactKey: Guid(cab861435217b36468d4f43bb4501914) Importer(2089858483,192608db42251d675da83286b1cce702)
Start importing Assets/Tilemaps/tilemap_packed_32.asset using Guid(cab861435217b36468d4f43bb4501914) Importer(2089858483,192608db42251d675da83286b1cce702) (ScriptedImporter) -> (artifact id: 'b01f94e9a062d9e37ed316b5f18780e3') in 0.0264763 seconds
Number of updated asset objects reloaded before import = 0Number of asset objects unloaded after import = 2

========================================================================
Received Import Request.
  Time since last request: 0.000016 seconds.
  path: Assets/Tilemaps/tilemap_packed_106.asset
  artifactKey: Guid(90cef3fc865735c449a355b317739ec4) Importer(2089858483,192608db42251d675da83286b1cce702)
Start importing Assets/Tilemaps/tilemap_packed_106.asset using Guid(90cef3fc865735c449a355b317739ec4) Importer(2089858483,192608db42251d675da83286b1cce702) (ScriptedImporter) -> (artifact id: '21d9c108918752222d1851a20bf26672') in 0.0262067 seconds
Number of updated asset objects reloaded before import = 0Number of asset objects unloaded after import = 2

========================================================================
Received Import Request.
  Time since last request: 0.000022 seconds.
  path: Assets/Tilemaps/tilemap_packed_24.asset
  artifactKey: Guid(ec202d42456484b45bb124dda42b3130) Importer(2089858483,192608db42251d675da83286b1cce702)
Start importing Assets/Tilemaps/tilemap_packed_24.asset using Guid(ec202d42456484b45bb124dda42b3130) Importer(2089858483,192608db42251d675da83286b1cce702) (ScriptedImporter) -> (artifact id: 'a483c1bba0119c52ce9f8cfb06b05aca') in 0.0267235 seconds
Number of updated asset objects reloaded before import = 0Number of asset objects unloaded after import = 2

========================================================================
Received Import Request.
  Time since last request: 0.000042 seconds.
  path: Assets/Tilemaps/tilemap_packed_102.asset
  artifactKey: Guid(e0c20ad8ef1303b4e958f928e8e9e011) Importer(2089858483,192608db42251d675da83286b1cce702)
Start importing Assets/Tilemaps/tilemap_packed_102.asset using Guid(e0c20ad8ef1303b4e958f928e8e9e011) Importer(2089858483,192608db42251d675da83286b1cce702) (ScriptedImporter) -> (artifact id: 'fd9c68ea1198f24b2e196486f07ffda1') in 0.0248201 seconds
Number of updated asset objects reloaded before import = 0Number of asset objects unloaded after import = 2

========================================================================
Received Import Request.
  Time since last request: 0.000021 seconds.
  path: Assets/Tilemaps/tilemap_packed_141.asset
  artifactKey: Guid(34401acf240b90549a6d6bffdbc33131) Importer(2089858483,192608db42251d675da83286b1cce702)
Start importing Assets/Tilemaps/tilemap_packed_141.asset using Guid(34401acf240b90549a6d6bffdbc33131) Importer(2089858483,192608db42251d675da83286b1cce702) (ScriptedImporter) -> (artifact id: '6cc6fb75ba094d199dd304e179c4f6b2') in 0.0255035 seconds
Number of updated asset objects reloaded before import = 0Number of asset objects unloaded after import = 2

========================================================================
Received Import Request.
  Time since last request: 0.000020 seconds.
  path: Assets/Prefab/Stick Man.prefab
  artifactKey: Guid(dd6f3af3e7cf6ae44a9a3fed830b477b) Importer(2089858483,192608db42251d675da83286b1cce702)
Start importing Assets/Prefab/Stick Man.prefab using Guid(dd6f3af3e7cf6ae44a9a3fed830b477b) Importer(2089858483,192608db42251d675da83286b1cce702) (ScriptedImporter) -> (artifact id: 'cd55a3a35a776d0c417cc435c08f984c') in 0.1722621 seconds
Number of updated asset objects reloaded before import = 0Number of asset objects unloaded after import = 68

Editor requested this worker to shutdown with reason: Scaling down because of idle timeout
AssetImportWorker is now disconnected from the server
Process exiting
Exiting without the bug reporter. Application will terminate with return code 0