Using pre-set license
Built from '6000.0/staging' branch; Version is '6000.0.33f1 (433b0a79340b) revision 4406026'; Using compiler version '193933523'; Build Type 'Release'
OS: 'Windows 10  (10.0.19045) 64bit Core' Language: 'en' Physical Memory: 49060 MB
BatchMode: 1, IsHumanControllingUs: 0, StartBugReporterOnCrash: 0, Is64bit: 1, IsPro: 1

COMMAND LINE ARGUMENTS:
C:\Program Files\Unity\Hub\Editor\6000.0.33f1\Editor\Unity.exe
-adb2
-batchMode
-noUpm
-name
AssetImportWorker7
-projectPath
C:/Users/jacob/Desktop/School/Game Software Development 2025/2D-Platformer/2D Platformer
-logFile
Logs/AssetImportWorker7.log
-srvPort
53861
-job-worker-count
11
-background-job-worker-count
8
-gc-helper-count
1
Successfully changed project path to: C:/Users/jacob/Desktop/School/Game Software Development 2025/2D-Platformer/2D Platformer
C:/Users/jacob/Desktop/School/Game Software Development 2025/2D-Platformer/2D Platformer
[UnityMemory] Configuration Parameters - Can be set up in boot.config
    "memorysetup-bucket-allocator-granularity=16"
    "memorysetup-bucket-allocator-bucket-count=8"
    "memorysetup-bucket-allocator-block-size=33554432"
    "memorysetup-bucket-allocator-block-count=8"
    "memorysetup-main-allocator-block-size=16777216"
    "memorysetup-thread-allocator-block-size=16777216"
    "memorysetup-gfx-main-allocator-block-size=16777216"
    "memorysetup-gfx-thread-allocator-block-size=16777216"
    "memorysetup-cache-allocator-block-size=4194304"
    "memorysetup-typetree-allocator-block-size=2097152"
    "memorysetup-profiler-bucket-allocator-granularity=16"
    "memorysetup-profiler-bucket-allocator-bucket-count=8"
    "memorysetup-profiler-bucket-allocator-block-size=33554432"
    "memorysetup-profiler-bucket-allocator-block-count=8"
    "memorysetup-profiler-allocator-block-size=16777216"
    "memorysetup-profiler-editor-allocator-block-size=1048576"
    "memorysetup-temp-allocator-size-main=16777216"
    "memorysetup-job-temp-allocator-block-size=2097152"
    "memorysetup-job-temp-allocator-block-size-background=1048576"
    "memorysetup-job-temp-allocator-reduction-small-platforms=262144"
    "memorysetup-allocator-temp-initial-block-size-main=262144"
    "memorysetup-allocator-temp-initial-block-size-worker=262144"
    "memorysetup-temp-allocator-size-background-worker=32768"
    "memorysetup-temp-allocator-size-job-worker=262144"
    "memorysetup-temp-allocator-size-preload-manager=33554432"
    "memorysetup-temp-allocator-size-nav-mesh-worker=65536"
    "memorysetup-temp-allocator-size-audio-worker=65536"
    "memorysetup-temp-allocator-size-cloud-worker=32768"
    "memorysetup-temp-allocator-size-gi-baking-worker=262144"
    "memorysetup-temp-allocator-size-gi-baking-worker=262144"
    "memorysetup-temp-allocator-size-gi-baking-worker=262144"
    "memorysetup-temp-allocator-size-gi-baking-worker=262144"
    "memorysetup-temp-allocator-size-gi-baking-worker=262144"
    "memorysetup-temp-allocator-size-gfx=262144"
Player connection [24516]  Target information:

Player connection [24516]  * "[IP] 10.5.0.2 [Port] 0 [Flags] 2 [Guid] 215834788 [EditorId] 215834788 [Version] 1048832 [Id] WindowsEditor(7,DESKTOP-4GHRBJP) [Debug] 1 [PackageName] WindowsEditor [ProjectName] Editor" 

Player connection [24516]  * "[IP] 192.168.1.18 [Port] 0 [Flags] 2 [Guid] 215834788 [EditorId] 215834788 [Version] 1048832 [Id] WindowsEditor(7,DESKTOP-4GHRBJP) [Debug] 1 [PackageName] WindowsEditor [ProjectName] Editor" 

Player connection [24516] Host joined multi-casting on [225.0.0.222:54997]...
Player connection [24516] Host joined alternative multi-casting on [225.0.0.222:34997]...
JobSystem: Creating JobQueue using job-worker-count value 11
[Physics::Module] Initialized fallback backend.
[Physics::Module] Id: 0xdecafbad
Library Redirect Path: Library/
[Physics::Module] Selected backend.
[Physics::Module] Name: PhysX
[Physics::Module] Id: 0xf2b8ea05
[Physics::Module] SDK Version: 4.1.2
[Physics::Module] Integration Version: 1.0.0
[Physics::Module] Threading Mode: Multi-Threaded
Refreshing native plugins compatible for Editor in 188.67 ms, found 4 plugins.
Preloading 0 native plugins for Editor in 0.00 ms.
Initialize engine version: 6000.0.33f1 (433b0a79340b)
[Subsystems] Discovering subsystems at path C:/Program Files/Unity/Hub/Editor/6000.0.33f1/Editor/Data/Resources/UnitySubsystems
[Subsystems] Discovering subsystems at path C:/Users/jacob/Desktop/School/Game Software Development 2025/2D-Platformer/2D Platformer/Assets
GfxDevice: creating device client; kGfxThreadingModeNonThreaded
Direct3D:
    Version:  Direct3D 11.0 [level 11.1]
    Renderer: NVIDIA GeForce RTX 2070 SUPER (ID=0x1e84)
    Vendor:   NVIDIA
    VRAM:     7989 MB
    Driver:   32.0.15.6614
Initialize mono
Mono path[0] = 'C:/Program Files/Unity/Hub/Editor/6000.0.33f1/Editor/Data/Managed'
Mono path[1] = 'C:/Program Files/Unity/Hub/Editor/6000.0.33f1/Editor/Data/MonoBleedingEdge/lib/mono/unityjit-win32'
Mono config path = 'C:/Program Files/Unity/Hub/Editor/6000.0.33f1/Editor/Data/MonoBleedingEdge/etc'
Using monoOptions --debugger-agent=transport=dt_socket,embedding=1,server=y,suspend=n,address=127.0.0.1:56912
Begin MonoManager ReloadAssembly
Registering precompiled unity dll's ...
Register platform support module: C:/Program Files/Unity/Hub/Editor/6000.0.33f1/Editor/Data/PlaybackEngines/WindowsStandaloneSupport/UnityEditor.WindowsStandalone.Extensions.dll
Registered in 0.016221 seconds.
- Loaded All Assemblies, in  1.475 seconds
Native extension for WindowsStandalone target not found
Mono: successfully reloaded assembly
- Finished resetting the current domain, in  0.401 seconds
Domain Reload Profiling: 1838ms
	BeginReloadAssembly (385ms)
		ExecutionOrderSort (0ms)
		DisableScriptedObjects (0ms)
		BackupInstance (0ms)
		ReleaseScriptingObjects (0ms)
		CreateAndSetChildDomain (1ms)
	RebuildCommonClasses (200ms)
	RebuildNativeTypeToScriptingClass (14ms)
	initialDomainReloadingComplete (128ms)
	LoadAllAssembliesAndSetupDomain (709ms)
		LoadAssemblies (342ms)
		RebuildTransferFunctionScriptingTraits (0ms)
		AnalyzeDomain (704ms)
			TypeCache.Refresh (703ms)
				TypeCache.ScanAssembly (683ms)
			BuildScriptInfoCaches (0ms)
			ResolveRequiredComponents (0ms)
	FinalizeReload (401ms)
		ReleaseScriptCaches (0ms)
		RebuildScriptCaches (0ms)
		SetupLoadedEditorAssemblies (354ms)
			LogAssemblyErrors (0ms)
			InitializePlatformSupportModulesInManaged (46ms)
			SetLoadedEditorAssemblies (4ms)
			BeforeProcessingInitializeOnLoad (56ms)
			ProcessInitializeOnLoadAttributes (175ms)
			ProcessInitializeOnLoadMethodAttributes (71ms)
			AfterProcessingInitializeOnLoad (0ms)
			EditorAssembliesLoaded (0ms)
		ExecutionOrderSort2 (0ms)
		AwakeInstancesAfterBackupRestoration (0ms)
========================================================================
Worker process is ready to serve import requests
Import Worker Mode flag is 0x00
Begin MonoManager ReloadAssembly
- Loaded All Assemblies, in  1.887 seconds
Refreshing native plugins compatible for Editor in 7.91 ms, found 4 plugins.
Native extension for WindowsStandalone target not found
Mono: successfully reloaded assembly
- Finished resetting the current domain, in  1.263 seconds
Domain Reload Profiling: 3083ms
	BeginReloadAssembly (387ms)
		ExecutionOrderSort (0ms)
		DisableScriptedObjects (6ms)
		BackupInstance (0ms)
		ReleaseScriptingObjects (0ms)
		CreateAndSetChildDomain (34ms)
	RebuildCommonClasses (53ms)
	RebuildNativeTypeToScriptingClass (14ms)
	initialDomainReloadingComplete (112ms)
	LoadAllAssembliesAndSetupDomain (1254ms)
		LoadAssemblies (1158ms)
		RebuildTransferFunctionScriptingTraits (0ms)
		AnalyzeDomain (369ms)
			TypeCache.Refresh (250ms)
				TypeCache.ScanAssembly (227ms)
			BuildScriptInfoCaches (103ms)
			ResolveRequiredComponents (12ms)
	FinalizeReload (1263ms)
		ReleaseScriptCaches (0ms)
		RebuildScriptCaches (0ms)
		SetupLoadedEditorAssemblies (915ms)
			LogAssemblyErrors (0ms)
			InitializePlatformSupportModulesInManaged (3ms)
			SetLoadedEditorAssemblies (6ms)
			BeforeProcessingInitializeOnLoad (324ms)
			ProcessInitializeOnLoadAttributes (395ms)
			ProcessInitializeOnLoadMethodAttributes (132ms)
			AfterProcessingInitializeOnLoad (55ms)
			EditorAssembliesLoaded (0ms)
		ExecutionOrderSort2 (0ms)
		AwakeInstancesAfterBackupRestoration (11ms)
Launched and connected shader compiler UnityShaderCompiler.exe after 0.01 seconds
Refreshing native plugins compatible for Editor in 7.70 ms, found 4 plugins.
Preloading 0 native plugins for Editor in 0.00 ms.
Unloading 220 Unused Serialized files (Serialized files now loaded: 0)
Unloading 6564 unused Assets / (4.0 MB). Loaded Objects now: 7278.
Memory consumption went from 180.0 MB to 176.0 MB.
Total: 10.147600 ms (FindLiveObjects: 1.100300 ms CreateObjectMapping: 0.357900 ms MarkObjects: 5.829900 ms  DeleteObjects: 2.857000 ms)

========================================================================
Received Import Request.
  Time since last request: 8092.588495 seconds.
  path: Assets/Tilemaps/tilemap_packed_175.asset
  artifactKey: Guid(5f0e3fa5d51455944842ea95f9d3d814) Importer(2089858483,192608db42251d675da83286b1cce702)
Start importing Assets/Tilemaps/tilemap_packed_175.asset using Guid(5f0e3fa5d51455944842ea95f9d3d814) Importer(2089858483,192608db42251d675da83286b1cce702) (ScriptedImporter) -> (artifact id: '110511ab443ecddd2377f7f2233e7170') in 0.2356758 seconds
Number of updated asset objects reloaded before import = 0Number of asset objects unloaded after import = 2

========================================================================
Received Import Request.
  Time since last request: 0.000024 seconds.
  path: Assets/Tilemaps/tilemap_packed_84.asset
  artifactKey: Guid(10b789b16e4f37d48a6dcfaf11bc060b) Importer(2089858483,192608db42251d675da83286b1cce702)
Start importing Assets/Tilemaps/tilemap_packed_84.asset using Guid(10b789b16e4f37d48a6dcfaf11bc060b) Importer(2089858483,192608db42251d675da83286b1cce702) (ScriptedImporter) -> (artifact id: '26c964195ac9518e313b276dbad5176c') in 0.0253446 seconds
Number of updated asset objects reloaded before import = 0Number of asset objects unloaded after import = 2

========================================================================
Received Import Request.
  Time since last request: 0.000030 seconds.
  path: Assets/Tilemaps/tilemap_packed_120.asset
  artifactKey: Guid(f2460f16b547c114e9a7fc860a6b60cb) Importer(2089858483,192608db42251d675da83286b1cce702)
Start importing Assets/Tilemaps/tilemap_packed_120.asset using Guid(f2460f16b547c114e9a7fc860a6b60cb) Importer(2089858483,192608db42251d675da83286b1cce702) (ScriptedImporter) -> (artifact id: '452bf1c58cf91f913cfbc19c2a56d548') in 0.0267005 seconds
Number of updated asset objects reloaded before import = 0Number of asset objects unloaded after import = 2

========================================================================
Received Import Request.
  Time since last request: 0.000018 seconds.
  path: Assets/Tilemaps/tilemap_packed_171.asset
  artifactKey: Guid(bb326458059190b4da42f9efc5cbd22c) Importer(2089858483,192608db42251d675da83286b1cce702)
Start importing Assets/Tilemaps/tilemap_packed_171.asset using Guid(bb326458059190b4da42f9efc5cbd22c) Importer(2089858483,192608db42251d675da83286b1cce702) (ScriptedImporter) -> (artifact id: '83028f81a2388fa2a33be8f4ad452e6f') in 0.0280769 seconds
Number of updated asset objects reloaded before import = 0Number of asset objects unloaded after import = 2

========================================================================
Received Import Request.
  Time since last request: 0.000021 seconds.
  path: Assets/Prefab/Gold Platform 1 1.prefab
  artifactKey: Guid(d11fd5b857eba674087b08906c9c95fc) Importer(2089858483,192608db42251d675da83286b1cce702)
Start importing Assets/Prefab/Gold Platform 1 1.prefab using Guid(d11fd5b857eba674087b08906c9c95fc) Importer(2089858483,192608db42251d675da83286b1cce702) (ScriptedImporter) -> (artifact id: '64d74f1cbe8e4e91a3fab8c7faaba755') in 0.0528351 seconds
Number of updated asset objects reloaded before import = 0Number of asset objects unloaded after import = 17

========================================================================
Received Import Request.
  Time since last request: 0.000031 seconds.
  path: Assets/Sprites/rock.png
  artifactKey: Guid(d702470f83e07aa45978de462a3dfb24) Importer(2089858483,192608db42251d675da83286b1cce702)
Start importing Assets/Sprites/rock.png using Guid(d702470f83e07aa45978de462a3dfb24) Importer(2089858483,192608db42251d675da83286b1cce702) (ScriptedImporter) -> (artifact id: 'e2cb696b1001cf1cb3a50a6d49ffab0f') in 0.079084 seconds
Number of updated asset objects reloaded before import = 0Number of asset objects unloaded after import = 3

========================================================================
Received Import Request.
  Time since last request: 0.000020 seconds.
  path: Assets/Tilemaps/tilemap_packed_23.asset
  artifactKey: Guid(9efe9098b2231454cb4e83b2d08d1e34) Importer(2089858483,192608db42251d675da83286b1cce702)
Start importing Assets/Tilemaps/tilemap_packed_23.asset using Guid(9efe9098b2231454cb4e83b2d08d1e34) Importer(2089858483,192608db42251d675da83286b1cce702) (ScriptedImporter) -> (artifact id: '1ce21e126a4c49a2a2eb29c90f1734c3') in 0.0262825 seconds
Number of updated asset objects reloaded before import = 0Number of asset objects unloaded after import = 2

========================================================================
Received Import Request.
  Time since last request: 0.000022 seconds.
  path: Assets/Tilemaps/tilemap_packed_130.asset
  artifactKey: Guid(7f7fe697b574476439882f074466d8d7) Importer(2089858483,192608db42251d675da83286b1cce702)
Start importing Assets/Tilemaps/tilemap_packed_130.asset using Guid(7f7fe697b574476439882f074466d8d7) Importer(2089858483,192608db42251d675da83286b1cce702) (ScriptedImporter) -> (artifact id: 'b81310e1226d7cc9f4b4df9f04dca578') in 0.029189 seconds
Number of updated asset objects reloaded before import = 0Number of asset objects unloaded after import = 2

========================================================================
Received Import Request.
  Time since last request: 0.000034 seconds.
  path: Assets/Tilemaps/tilemap_packed_138.asset
  artifactKey: Guid(5661384cc462ace48a9c109629fff86e) Importer(2089858483,192608db42251d675da83286b1cce702)
Start importing Assets/Tilemaps/tilemap_packed_138.asset using Guid(5661384cc462ace48a9c109629fff86e) Importer(2089858483,192608db42251d675da83286b1cce702) (ScriptedImporter) -> (artifact id: '65a414c9b368f49e04f4dcbbcc1b2a85') in 0.0284244 seconds
Number of updated asset objects reloaded before import = 0Number of asset objects unloaded after import = 2

========================================================================
Received Import Request.
  Time since last request: 0.000019 seconds.
  path: Assets/Tilemaps/tilemap_packed_86.asset
  artifactKey: Guid(88d98e2dab550d642be1a9a14ba24fca) Importer(2089858483,192608db42251d675da83286b1cce702)
Start importing Assets/Tilemaps/tilemap_packed_86.asset using Guid(88d98e2dab550d642be1a9a14ba24fca) Importer(2089858483,192608db42251d675da83286b1cce702) (ScriptedImporter) -> (artifact id: '1164ff1efd88d2a896204ba8ec9f690f') in 0.02605 seconds
Number of updated asset objects reloaded before import = 0Number of asset objects unloaded after import = 2

========================================================================
Received Import Request.
  Time since last request: 0.000024 seconds.
  path: Assets/Tilemaps/tilemap_packed_78.asset
  artifactKey: Guid(abde4d8081aef254990e2913f33aeeb3) Importer(2089858483,192608db42251d675da83286b1cce702)
Start importing Assets/Tilemaps/tilemap_packed_78.asset using Guid(abde4d8081aef254990e2913f33aeeb3) Importer(2089858483,192608db42251d675da83286b1cce702) (ScriptedImporter) -> (artifact id: 'd7fbf75b43ffb8cf6350dff9d187eb4f') in 0.0247733 seconds
Number of updated asset objects reloaded before import = 0Number of asset objects unloaded after import = 2

========================================================================
Received Import Request.
  Time since last request: 0.000048 seconds.
  path: Assets/Tilemaps/tilemap_packed_27.asset
  artifactKey: Guid(4960f2f2c8b7e3d4aa3a54e39dfe3b6f) Importer(2089858483,192608db42251d675da83286b1cce702)
Start importing Assets/Tilemaps/tilemap_packed_27.asset using Guid(4960f2f2c8b7e3d4aa3a54e39dfe3b6f) Importer(2089858483,192608db42251d675da83286b1cce702) (ScriptedImporter) -> (artifact id: '1eb8d779c013a2f766acf7cdac235f43') in 0.0257874 seconds
Number of updated asset objects reloaded before import = 0Number of asset objects unloaded after import = 2

========================================================================
Received Import Request.
  Time since last request: 0.000017 seconds.
  path: Assets/Sprites/fly_dead.png
  artifactKey: Guid(5e3f445cf898bd84fa428d28879f0b43) Importer(2089858483,192608db42251d675da83286b1cce702)
Start importing Assets/Sprites/fly_dead.png using Guid(5e3f445cf898bd84fa428d28879f0b43) Importer(2089858483,192608db42251d675da83286b1cce702) (ScriptedImporter) -> (artifact id: '7b7d10061743de41fe6e4e20c6771c1c') in 0.0291129 seconds
Number of updated asset objects reloaded before import = 0Number of asset objects unloaded after import = 3

========================================================================
Received Import Request.
  Time since last request: 0.000022 seconds.
  path: Assets/Tilemaps/tilemap_packed_94.asset
  artifactKey: Guid(cb2377383d4fe0e4cbd8cc069577a93a) Importer(2089858483,192608db42251d675da83286b1cce702)
Start importing Assets/Tilemaps/tilemap_packed_94.asset using Guid(cb2377383d4fe0e4cbd8cc069577a93a) Importer(2089858483,192608db42251d675da83286b1cce702) (ScriptedImporter) -> (artifact id: '2aca7eb405243e34ba72f8f84b814804') in 0.0296689 seconds
Number of updated asset objects reloaded before import = 0Number of asset objects unloaded after import = 2

========================================================================
Received Import Request.
  Time since last request: 0.000030 seconds.
  path: Assets/Sprites/bridge.png
  artifactKey: Guid(6026b1447d2786c40a3c93e261f5f80a) Importer(2089858483,192608db42251d675da83286b1cce702)
Start importing Assets/Sprites/bridge.png using Guid(6026b1447d2786c40a3c93e261f5f80a) Importer(2089858483,192608db42251d675da83286b1cce702) (ScriptedImporter) -> (artifact id: '9187c0a2d4c360a3f0e013e9e469390a') in 0.0361428 seconds
Number of updated asset objects reloaded before import = 0Number of asset objects unloaded after import = 3

========================================================================
Received Import Request.
  Time since last request: 0.000020 seconds.
  path: Assets/Sprites/ground_rock.png
  artifactKey: Guid(cc4ed640d882c674697c16698685f2df) Importer(2089858483,192608db42251d675da83286b1cce702)
Start importing Assets/Sprites/ground_rock.png using Guid(cc4ed640d882c674697c16698685f2df) Importer(2089858483,192608db42251d675da83286b1cce702) (ScriptedImporter) -> (artifact id: '376d51829fe27d16a5a362d90964c19a') in 0.0328531 seconds
Number of updated asset objects reloaded before import = 0Number of asset objects unloaded after import = 3

========================================================================
Received Import Request.
  Time since last request: 0.000021 seconds.
  path: Assets/Tilemaps/tilemap_packed_143.asset
  artifactKey: Guid(c323ab47c1cc10048b533f8205b8248d) Importer(2089858483,192608db42251d675da83286b1cce702)
Start importing Assets/Tilemaps/tilemap_packed_143.asset using Guid(c323ab47c1cc10048b533f8205b8248d) Importer(2089858483,192608db42251d675da83286b1cce702) (ScriptedImporter) -> (artifact id: 'df1073d2a881f2613217d2afa784c36f') in 0.0271794 seconds
Number of updated asset objects reloaded before import = 0Number of asset objects unloaded after import = 2

========================================================================
Received Import Request.
  Time since last request: 0.000034 seconds.
  path: Assets/Tilemaps/tilemap_packed_168.asset
  artifactKey: Guid(32695b4013268d04896873f3d7f75388) Importer(2089858483,192608db42251d675da83286b1cce702)
Start importing Assets/Tilemaps/tilemap_packed_168.asset using Guid(32695b4013268d04896873f3d7f75388) Importer(2089858483,192608db42251d675da83286b1cce702) (ScriptedImporter) -> (artifact id: '0e3bf188a0be479df303c3b0a027f5ea') in 0.0280439 seconds
Number of updated asset objects reloaded before import = 0Number of asset objects unloaded after import = 2

========================================================================
Received Import Request.
  Time since last request: 0.000022 seconds.
  path: Assets/Tilemaps/tilemap_packed_144.asset
  artifactKey: Guid(2e0474d680c21654ab9082f7cbb59f2f) Importer(2089858483,192608db42251d675da83286b1cce702)
Start importing Assets/Tilemaps/tilemap_packed_144.asset using Guid(2e0474d680c21654ab9082f7cbb59f2f) Importer(2089858483,192608db42251d675da83286b1cce702) (ScriptedImporter) -> (artifact id: 'bc2c9c95d8d575b1f311c8dad9da380f') in 0.0271707 seconds
Number of updated asset objects reloaded before import = 0Number of asset objects unloaded after import = 2

========================================================================
Received Import Request.
  Time since last request: 0.000026 seconds.
  path: Assets/Scripts/TriggerPlatform.cs
  artifactKey: Guid(2520e9a877550fe48a268e87f32b6f10) Importer(2089858483,192608db42251d675da83286b1cce702)
Start importing Assets/Scripts/TriggerPlatform.cs using Guid(2520e9a877550fe48a268e87f32b6f10) Importer(2089858483,192608db42251d675da83286b1cce702) (ScriptedImporter) -> (artifact id: '793292dcad755363b6fc61741aeb0883') in 0.0203407 seconds
Number of updated asset objects reloaded before import = 0Number of asset objects unloaded after import = 0

========================================================================
Received Import Request.
  Time since last request: 0.000037 seconds.
  path: Assets/Tilemaps/tilemap_packed_108.asset
  artifactKey: Guid(5b3639869c000fc48a9622e272663afc) Importer(2089858483,192608db42251d675da83286b1cce702)
Start importing Assets/Tilemaps/tilemap_packed_108.asset using Guid(5b3639869c000fc48a9622e272663afc) Importer(2089858483,192608db42251d675da83286b1cce702) (ScriptedImporter) -> (artifact id: '02f848350a1f7f5f79df6b0990b23192') in 0.0283806 seconds
Number of updated asset objects reloaded before import = 0Number of asset objects unloaded after import = 2

Editor requested this worker to shutdown with reason: Scaling down because of idle timeout
AssetImportWorker is now disconnected from the server
Process exiting
Exiting without the bug reporter. Application will terminate with return code 0